<?xml version="1.0" encoding="UTF-8"?>
<testng-results skipped="0" failed="0" ignored="0" total="1" passed="1">
  <reporter-output>
  </reporter-output>
  <suite name="Default suite" duration-ms="30" started-at="2021-12-09T11:01:32Z" finished-at="2021-12-09T11:01:32Z">
    <groups>
    </groups>
    <test name="Default test" duration-ms="30" started-at="2021-12-09T11:01:32Z" finished-at="2021-12-09T11:01:32Z">
      <class name="com.crm.gitpractice.BasicScriptsGit.Practicecodecommitpush">
        <test-method status="PASS" signature="practicecodecommitpush()[pri:0, instance:com.crm.gitpractice.BasicScriptsGit.Practicecodecommitpush@3c756e4d]" name="practicecodecommitpush" duration-ms="16" started-at="2021-12-09T16:31:32Z" finished-at="2021-12-09T16:31:32Z">
          <reporter-output>
          </reporter-output>
        </test-method> <!-- practicecodecommitpush -->
      </class> <!-- com.crm.gitpractice.BasicScriptsGit.Practicecodecommitpush -->
    </test> <!-- Default test -->
  </suite> <!-- Default suite -->
</testng-results>
